/*C2*/SET SCHEMA PUBLIC
DELETE FROM "mendixsystem$version" WHERE "versionnumber"='4.2'
INSERT INTO "mendixsystem$version" VALUES('4.2','2025-03-24 15:03:41.524000','4.3.0','unversioned','Employee_Onboarding_App','10.12.9.49475')
COMMIT
DELETE FROM "mendixsystem$entityidentifier" WHERE "id"='d4154981-8dac-4150-aec5-efa3ef62a7a2'
INSERT INTO "mendixsystem$entityidentifier" VALUES('d4154981-8dac-4150-aec5-efa3ef62a7a2',3,32301)
COMMIT
INSERT INTO "system$xasinstance" VALUES(844424934253771,'49e391f2-c15f-4842-bf7f-670a90a23943','2025-03-24 13:05:00.462000',NULL,NULL,NULL,'2025-03-24 13:05:00.454000')
COMMIT
DELETE FROM "system$userrole" WHERE "id"=9851624184873221
INSERT INTO "system$userrole" VALUES(9851624184873221,'84549b5d-e242-41e8-bb01-847ff84dc2c9','Trainer','')
DELETE FROM "system$userrole" WHERE "id"=9851624184873161
INSERT INTO "system$userrole" VALUES(9851624184873161,'a261f14c-ffb3-4ead-867d-e1cdb061ec97','Trainee','')
DELETE FROM "system$userrole" WHERE "id"=9851624184885914
INSERT INTO "system$userrole" VALUES(9851624184885914,'0551ed6f-7287-4c85-b2a4-7ca960629253','Guest','')
DELETE FROM "system$userrole" WHERE "id"=9851624184898705
INSERT INTO "system$userrole" VALUES(9851624184898705,'893d08ae-8814-428e-a2ba-e42235427286','TechnicalAdmin','')
DELETE FROM "system$userrole" WHERE "id"=9851624184873412
INSERT INTO "system$userrole" VALUES(9851624184873412,'cccadddd-18a2-4e85-9bdf-710d9834a434','Admin','')
COMMIT
DELETE FROM "system$user" WHERE "id"=10133099161583863
INSERT INTO "system$user" VALUES(10133099161583863,'demo_administrator','{BCrypt}$2a$12$VhHwLiHH6eToHfSJK1TUBebf8inwPV0PhBUYorp0M/5zRdEELbxpy','2024-12-12 22:56:31.443000',FALSE,NULL,TRUE,0,FALSE,FALSE,'2024-10-09 20:38:09.022000','2024-11-24 22:48:32.146000','Administration.Account',10133099161583863,10133099161583863)
COMMIT
DELETE FROM "system$user" WHERE "id"=10133099161583935
INSERT INTO "system$user" VALUES(10133099161583935,'demo_user','{BCrypt}$2a$12$H07vsC/drkJY4xgGgC17n..wOYh3zEgR2AbZXvB8C581cMJB.Osk6','2024-12-12 22:58:17.005000',FALSE,NULL,TRUE,0,FALSE,FALSE,'2024-10-09 20:38:09.330000','2024-10-09 20:38:09.330000','Administration.Account',NULL,10133099161583935)
COMMIT
DELETE FROM "system$user" WHERE "id"=281474976710787
INSERT INTO "system$user" VALUES(281474976710787,'demo_trainer','{BCrypt}$2a$12$vwoSZN5D8vq5QOTaVj/PHeyGaDDxX63NjoIUn3JkD391Yxz0/19ru','2025-03-13 08:08:35.839000',FALSE,NULL,TRUE,0,FALSE,FALSE,'2024-10-09 20:38:09.572000','2024-10-09 20:38:09.572000','System.User',NULL,281474976710787)
COMMIT
DELETE FROM "system$user" WHERE "id"=281474977785992
INSERT INTO "system$user" VALUES(281474977785992,'demo_TechnicalAdmin','{BCrypt}$2a$12$Z5TULDdpQA8qPCpsofAbF.sSEmMWajrVvlR.GtMTD3G3Ye/6IJgQW','2024-12-03 00:13:10.291000',FALSE,NULL,TRUE,0,FALSE,FALSE,'2024-11-19 21:26:30.129000','2024-11-19 21:26:30.129000','System.User',NULL,281474977785992)
COMMIT
DELETE FROM "mendixsystem$properties" WHERE "key"='Mendix.Runtime.DeploymentID'
INSERT INTO "mendixsystem$properties" VALUES('Mendix.Runtime.DeploymentID','638784254685991398')
COMMIT
DELETE FROM "system$session" WHERE "id"=7036874421209800
DELETE FROM "system$session_user" WHERE "system$sessionid"=7036874421209800 AND "system$userid"=281474980141311
COMMIT
DELETE FROM "system$user" WHERE "id"=281474980141311
DELETE FROM "system$userroles" WHERE "system$userid"=281474980141311 AND "system$userroleid"=9851624184885914
DELETE FROM "system$user_language" WHERE "system$userid"=281474980141311 AND "system$languageid"=13792273858822288
COMMIT
DELETE FROM "mendixsystem$entityidentifier" WHERE "id"='3d460fe3-2308-474b-8d3a-931ac838776f'
INSERT INTO "mendixsystem$entityidentifier" VALUES('3d460fe3-2308-474b-8d3a-931ac838776f',31,26701)
COMMIT
DELETE FROM "mendixsystem$entityidentifier" WHERE "id"='8eae269c-cd9b-465c-b947-7d36086ec3c1'
INSERT INTO "mendixsystem$entityidentifier" VALUES('8eae269c-cd9b-465c-b947-7d36086ec3c1',38,26701)
COMMIT
DELETE FROM "mendixsystem$entityidentifier" WHERE "id"='37ce6fa0-c88f-4c4b-bfd0-47526a150840'
INSERT INTO "mendixsystem$entityidentifier" VALUES('37ce6fa0-c88f-4c4b-bfd0-47526a150840',65,43070)
COMMIT
INSERT INTO "usermanagement$country" VALUES(18295873491692864,'Germany','DE','Monday')
INSERT INTO "usermanagement$country" VALUES(18295873491693019,'Bulgaria','BG','Monday')
INSERT INTO "usermanagement$country" VALUES(18295873491693093,'Romania','RO','Monday')
INSERT INTO "usermanagement$country" VALUES(18295873491693226,'Spain','ES','Monday')
COMMIT
DELETE FROM "mendixsystem$entityidentifier" WHERE "id"='c6c131c8-8779-4213-9b26-a64e141f26a8'
INSERT INTO "mendixsystem$entityidentifier" VALUES('c6c131c8-8779-4213-9b26-a64e141f26a8',17,99008)
COMMIT
ALTER SEQUENCE PUBLIC."system$queuedtask_sequence_mxseq" RESTART WITH 72517
INSERT INTO "system$queuedtask" VALUES(4785074616741475,72516,'Idle','59651013-f9bc-4fc1-b435-276439b07899','System.ScheduledEventsQueue','System',NULL,NULL,'ClusterManagement-PopulateFileDocumentSizes','[]',NULL,NULL,'2025-03-24 13:05:03.202000','2025-03-24 13:05:08.178000',NULL,0,'{"interval":3600000,"triesLeft":12,"type":"fixed"}',NULL,NULL)
COMMIT
DELETE FROM "system$queuedtask" WHERE "id"=4785074616717042
INSERT INTO "system$queuedtask" VALUES(4785074616717042,72500,'Idle','59651013-f9bc-4fc1-b435-276439b07899','System.ScheduledEventsQueue','ScheduledEvent',NULL,NULL,'ClusterManagement-CleanupScheduledEvents','[]',NULL,NULL,'2025-03-24 12:59:39.909000','2025-03-24 13:08:04.228000',NULL,0,NULL,'ClusterManagement-CleanupScheduledEvents',NULL)
DELETE FROM "system$queuedtask" WHERE "id"=4785074616728798
INSERT INTO "system$queuedtask" VALUES(4785074616728798,72510,'Idle','59651013-f9bc-4fc1-b435-276439b07899','System.ScheduledEventsQueue','ScheduledEvent',NULL,NULL,'ClusterManagement-CleanupOfflineGUIDs','[]',NULL,NULL,'2025-03-24 13:03:46.885000','2025-03-24 13:05:04.229000',NULL,0,NULL,'ClusterManagement-CleanupOfflineGUIDs',NULL)
DELETE FROM "system$queuedtask" WHERE "id"=4785074616717068
INSERT INTO "system$queuedtask" VALUES(4785074616717068,72501,'Idle','59651013-f9bc-4fc1-b435-276439b07899','System.ScheduledEventsQueue','ScheduledEvent',NULL,NULL,'ClusterManagement-CleanupProcessedTasks','[]',NULL,NULL,'2025-03-24 13:00:39.412000','2025-03-24 13:09:04.226000',NULL,0,NULL,'ClusterManagement-CleanupProcessedTasks',NULL)
DELETE FROM "system$queuedtask" WHERE "id"=4785074616716897
INSERT INTO "system$queuedtask" VALUES(4785074616716897,72499,'Idle','59651013-f9bc-4fc1-b435-276439b07899','System.ScheduledEventsQueue','ScheduledEvent',NULL,NULL,'ClusterManagement-CleanupOrphanedFiles','[]',NULL,NULL,'2025-03-24 12:58:40.269000','2025-03-24 13:07:04.228000',NULL,0,NULL,'ClusterManagement-CleanupOrphanedFiles',NULL)
DELETE FROM "system$queuedtask" WHERE "id"=4785074616728930
INSERT INTO "system$queuedtask" VALUES(4785074616728930,72511,'Idle','59651013-f9bc-4fc1-b435-276439b07899','System.ScheduledEventsQueue','ScheduledEvent',NULL,NULL,'ClusterManagement-CleanupTmpDocuments','[]',NULL,NULL,'2025-03-24 13:03:46.885000','2025-03-24 13:05:04.228000',NULL,0,NULL,'ClusterManagement-CleanupTmpDocuments',NULL)
DELETE FROM "system$queuedtask" WHERE "id"=4785074616729052
INSERT INTO "system$queuedtask" VALUES(4785074616729052,72512,'Idle','59651013-f9bc-4fc1-b435-276439b07899','System.ScheduledEventsQueue','ScheduledEvent',NULL,NULL,'ClusterManagement-CleanupOfflineSyncHistory','[]',NULL,NULL,'2025-03-24 13:03:46.885000','2025-03-24 13:05:04.228000',NULL,0,NULL,'ClusterManagement-CleanupOfflineSyncHistory',NULL)
DELETE FROM "system$queuedtask" WHERE "id"=4785074616729216
INSERT INTO "system$queuedtask" VALUES(4785074616729216,72514,'Idle','59651013-f9bc-4fc1-b435-276439b07899','System.ScheduledEventsQueue','ScheduledEvent',NULL,NULL,'ClusterManagement-CleanupSessions','[]',NULL,NULL,'2025-03-24 13:03:46.900000','2025-03-24 13:05:04.228000',NULL,0,NULL,'ClusterManagement-CleanupSessions',NULL)
DELETE FROM "system$queuedtask" WHERE "id"=4785074616729124
INSERT INTO "system$queuedtask" VALUES(4785074616729124,72513,'Idle','59651013-f9bc-4fc1-b435-276439b07899','System.ScheduledEventsQueue','ScheduledEvent',NULL,NULL,'ClusterManagement-CleanupBackgroundJobs','[]',NULL,NULL,'2025-03-24 13:03:46.885000','2025-03-24 13:05:04.228000',NULL,0,NULL,'ClusterManagement-CleanupBackgroundJobs',NULL)
DELETE FROM "system$queuedtask" WHERE "id"=4785074616729402
INSERT INTO "system$queuedtask" VALUES(4785074616729402,72515,'Idle','59651013-f9bc-4fc1-b435-276439b07899','System.ScheduledEventsQueue','ScheduledEvent',NULL,NULL,'ClusterManagement-UnblockUsers','[]',NULL,NULL,'2025-03-24 13:03:50.958000','2025-03-24 13:05:08.229000',NULL,0,NULL,'ClusterManagement-UnblockUsers',NULL)
DELETE FROM "system$queuedtask" WHERE "id"=4785074616718052
INSERT INTO "system$queuedtask" VALUES(4785074616718052,72508,'Idle','59651013-f9bc-4fc1-b435-276439b07899','System.ScheduledEventsQueue','ScheduledEvent',NULL,NULL,'ClusterManagement-MigrateOldFiles','[]',NULL,NULL,'2025-03-24 13:02:39.556000','2025-03-24 13:06:04.229000',NULL,0,NULL,'ClusterManagement-MigrateOldFiles',NULL)
COMMIT
/*C3*/SET SCHEMA PUBLIC
DELETE FROM "system$user" WHERE "id"=281474976710984
INSERT INTO "system$user" VALUES(281474976710984,'MxAdmin','{BCrypt}$2a$12$l0kGB1B00hdFyCgxffV2zufwoH.H09DHYDnkAScajOJGrL58UQHcu','2024-11-26 16:50:11.978000',FALSE,NULL,TRUE,0,FALSE,FALSE,'2024-10-09 20:38:10.387000','2024-11-22 11:05:03.017000','System.User',281474976710984,281474976710984)
COMMIT
DELETE FROM "system$xasinstance" WHERE "id"=844424934253771
INSERT INTO "system$xasinstance" VALUES(844424934253771,'49e391f2-c15f-4842-bf7f-670a90a23943','2025-03-24 13:05:04.150000',NULL,NULL,NULL,'2025-03-24 13:05:00.454000')
COMMIT
/*C4*/SET SCHEMA PUBLIC
DELETE FROM "system$queuedtask" WHERE "id"=4785074616728798
DELETE FROM "system$queuedtask" WHERE "id"=4785074616728930
DELETE FROM "system$queuedtask" WHERE "id"=4785074616729052
DELETE FROM "system$queuedtask" WHERE "id"=4785074616729124
DELETE FROM "system$queuedtask" WHERE "id"=4785074616729216
INSERT INTO "system$queuedtask" VALUES(4785074616728798,72510,'Running','59651013-f9bc-4fc1-b435-276439b07899','System.ScheduledEventsQueue','ScheduledEvent',NULL,NULL,'ClusterManagement-CleanupOfflineGUIDs','[]','49e391f2-c15f-4842-bf7f-670a90a23943',55,'2025-03-24 13:03:46.885000','2025-03-24 13:05:04.229000','2025-03-24 13:05:04.742000',0,NULL,'ClusterManagement-CleanupOfflineGUIDs',NULL)
INSERT INTO "system$queuedtask" VALUES(4785074616728930,72511,'Running','59651013-f9bc-4fc1-b435-276439b07899','System.ScheduledEventsQueue','ScheduledEvent',NULL,NULL,'ClusterManagement-CleanupTmpDocuments','[]','49e391f2-c15f-4842-bf7f-670a90a23943',55,'2025-03-24 13:03:46.885000','2025-03-24 13:05:04.228000','2025-03-24 13:05:04.748000',0,NULL,'ClusterManagement-CleanupTmpDocuments',NULL)
INSERT INTO "system$queuedtask" VALUES(4785074616729052,72512,'Running','59651013-f9bc-4fc1-b435-276439b07899','System.ScheduledEventsQueue','ScheduledEvent',NULL,NULL,'ClusterManagement-CleanupOfflineSyncHistory','[]','49e391f2-c15f-4842-bf7f-670a90a23943',55,'2025-03-24 13:03:46.885000','2025-03-24 13:05:04.228000','2025-03-24 13:05:04.751000',0,NULL,'ClusterManagement-CleanupOfflineSyncHistory',NULL)
INSERT INTO "system$queuedtask" VALUES(4785074616729124,72513,'Running','59651013-f9bc-4fc1-b435-276439b07899','System.ScheduledEventsQueue','ScheduledEvent',NULL,NULL,'ClusterManagement-CleanupBackgroundJobs','[]','49e391f2-c15f-4842-bf7f-670a90a23943',55,'2025-03-24 13:03:46.885000','2025-03-24 13:05:04.228000','2025-03-24 13:05:04.753000',0,NULL,'ClusterManagement-CleanupBackgroundJobs',NULL)
INSERT INTO "system$queuedtask" VALUES(4785074616729216,72514,'Running','59651013-f9bc-4fc1-b435-276439b07899','System.ScheduledEventsQueue','ScheduledEvent',NULL,NULL,'ClusterManagement-CleanupSessions','[]','49e391f2-c15f-4842-bf7f-670a90a23943',55,'2025-03-24 13:03:46.900000','2025-03-24 13:05:04.228000','2025-03-24 13:05:04.756000',0,NULL,'ClusterManagement-CleanupSessions',NULL)
COMMIT
ALTER SEQUENCE PUBLIC."system$queuedtask_sequence_mxseq" RESTART WITH 72521
/*C3*/ALTER SEQUENCE PUBLIC."system$queuedtask_sequence_mxseq" RESTART WITH 72521
/*C2*/ALTER SEQUENCE PUBLIC."system$queuedtask_sequence_mxseq" RESTART WITH 72521
/*C5*/SET SCHEMA PUBLIC
ALTER SEQUENCE PUBLIC."system$queuedtask_sequence_mxseq" RESTART WITH 72521
/*C6*/SET SCHEMA PUBLIC
DELETE FROM "mendixsystem$entityidentifier" WHERE "id"='eb5c32a1-85ec-49d1-8bca-ecca779cd539'
INSERT INTO "mendixsystem$entityidentifier" VALUES('eb5c32a1-85ec-49d1-8bca-ecca779cd539',45,99059)
COMMIT
ALTER SEQUENCE PUBLIC."system$queuedtask_sequence_mxseq" RESTART WITH 72522
/*C4*/INSERT INTO "system$queuedtask" VALUES(4785074616741842,72519,'Idle','59651013-f9bc-4fc1-b435-276439b07899','System.ScheduledEventsQueue','ScheduledEvent',NULL,NULL,'ClusterManagement-CleanupOfflineGUIDs','[]',NULL,NULL,'2025-03-24 13:05:04.826000','2025-03-24 13:10:04.229000',NULL,0,NULL,'ClusterManagement-CleanupOfflineGUIDs',NULL)
INSERT INTO "system$processedqueuetask" VALUES(12666373964646545,72510,'Completed','59651013-f9bc-4fc1-b435-276439b07899','System.ScheduledEventsQueue','ScheduledEvent',NULL,NULL,'ClusterManagement-CleanupOfflineGUIDs','[]','49e391f2-c15f-4842-bf7f-670a90a23943',55,'2025-03-24 13:03:46.885000','2025-03-24 13:05:04.229000','2025-03-24 13:05:04.742000','2025-03-24 13:05:04.844000',102,0,NULL,'ClusterManagement-CleanupOfflineGUIDs',NULL)
DELETE FROM "system$queuedtask" WHERE "id"=4785074616728798
COMMIT
/*C2*/INSERT INTO "system$queuedtask" VALUES(4785074616741941,72520,'Idle','59651013-f9bc-4fc1-b435-276439b07899','System.ScheduledEventsQueue','ScheduledEvent',NULL,NULL,'ClusterManagement-CleanupBackgroundJobs','[]',NULL,NULL,'2025-03-24 13:05:04.826000','2025-03-24 13:10:04.228000',NULL,0,NULL,'ClusterManagement-CleanupBackgroundJobs',NULL)
INSERT INTO "system$processedqueuetask" VALUES(12666373964646527,72513,'Completed','59651013-f9bc-4fc1-b435-276439b07899','System.ScheduledEventsQueue','ScheduledEvent',NULL,NULL,'ClusterManagement-CleanupBackgroundJobs','[]','49e391f2-c15f-4842-bf7f-670a90a23943',55,'2025-03-24 13:03:46.885000','2025-03-24 13:05:04.228000','2025-03-24 13:05:04.753000','2025-03-24 13:05:04.844000',91,0,NULL,'ClusterManagement-CleanupBackgroundJobs',NULL)
DELETE FROM "system$queuedtask" WHERE "id"=4785074616729124
COMMIT
/*C3*/INSERT INTO "system$queuedtask" VALUES(4785074616741549,72518,'Idle','59651013-f9bc-4fc1-b435-276439b07899','System.ScheduledEventsQueue','ScheduledEvent',NULL,NULL,'ClusterManagement-CleanupTmpDocuments','[]',NULL,NULL,'2025-03-24 13:05:04.826000','2025-03-24 13:10:04.228000',NULL,0,NULL,'ClusterManagement-CleanupTmpDocuments',NULL)
INSERT INTO "system$processedqueuetask" VALUES(12666373964646321,72511,'Completed','59651013-f9bc-4fc1-b435-276439b07899','System.ScheduledEventsQueue','ScheduledEvent',NULL,NULL,'ClusterManagement-CleanupTmpDocuments','[]','49e391f2-c15f-4842-bf7f-670a90a23943',55,'2025-03-24 13:03:46.885000','2025-03-24 13:05:04.228000','2025-03-24 13:05:04.748000','2025-03-24 13:05:04.844000',96,0,NULL,'ClusterManagement-CleanupTmpDocuments',NULL)
DELETE FROM "system$queuedtask" WHERE "id"=4785074616728930
COMMIT
/*C5*/INSERT INTO "system$queuedtask" VALUES(4785074616741674,72517,'Idle','59651013-f9bc-4fc1-b435-276439b07899','System.ScheduledEventsQueue','ScheduledEvent',NULL,NULL,'ClusterManagement-CleanupOfflineSyncHistory','[]',NULL,NULL,'2025-03-24 13:05:04.826000','2025-03-24 13:10:04.228000',NULL,0,NULL,'ClusterManagement-CleanupOfflineSyncHistory',NULL)
INSERT INTO "system$processedqueuetask" VALUES(12666373964646757,72512,'Completed','59651013-f9bc-4fc1-b435-276439b07899','System.ScheduledEventsQueue','ScheduledEvent',NULL,NULL,'ClusterManagement-CleanupOfflineSyncHistory','[]','49e391f2-c15f-4842-bf7f-670a90a23943',55,'2025-03-24 13:03:46.885000','2025-03-24 13:05:04.228000','2025-03-24 13:05:04.751000','2025-03-24 13:05:04.844000',93,0,NULL,'ClusterManagement-CleanupOfflineSyncHistory',NULL)
DELETE FROM "system$queuedtask" WHERE "id"=4785074616729052
COMMIT
/*C6*/INSERT INTO "system$queuedtask" VALUES(4785074616742019,72521,'Idle','59651013-f9bc-4fc1-b435-276439b07899','System.ScheduledEventsQueue','ScheduledEvent',NULL,NULL,'ClusterManagement-CleanupSessions','[]',NULL,NULL,'2025-03-24 13:05:04.851000','2025-03-24 13:10:04.228000',NULL,0,NULL,'ClusterManagement-CleanupSessions',NULL)
INSERT INTO "system$processedqueuetask" VALUES(12666373964646872,72514,'Completed','59651013-f9bc-4fc1-b435-276439b07899','System.ScheduledEventsQueue','ScheduledEvent',NULL,NULL,'ClusterManagement-CleanupSessions','[]','49e391f2-c15f-4842-bf7f-670a90a23943',55,'2025-03-24 13:03:46.900000','2025-03-24 13:05:04.228000','2025-03-24 13:05:04.756000','2025-03-24 13:05:04.859000',103,0,NULL,'ClusterManagement-CleanupSessions',NULL)
DELETE FROM "system$queuedtask" WHERE "id"=4785074616729216
COMMIT
/*C5*/DELETE FROM "mendixsystem$entityidentifier" WHERE "id"='282e2e60-88a5-469d-84a5-ba8d9151644f'
INSERT INTO "mendixsystem$entityidentifier" VALUES('282e2e60-88a5-469d-84a5-ba8d9151644f',1,27001)
COMMIT
INSERT INTO "system$user" VALUES(281474980154045,'Anonymous_693696bb-b5a0-4226-a6df-347e2048ad2e','{BCrypt}$2a$12$Whpfe4ZWpNiVADe4D45Vge62KEzpq6gvqHCRU3PP6hQ3iKWPLT3cO','2025-03-24 13:05:05.235000',FALSE,NULL,TRUE,0,FALSE,TRUE,'2025-03-24 13:05:05.001000','2025-03-24 13:05:05.001000','System.User',NULL,281474980154045)
INSERT INTO "system$userroles" VALUES(281474980154045,9851624184885914)
INSERT INTO "system$user_language" VALUES(281474980154045,13792273858822288)
COMMIT
DELETE FROM "system$user" WHERE "id"=281474980154045
INSERT INTO "system$user" VALUES(281474980154045,'Anonymous_693696bb-b5a0-4226-a6df-347e2048ad2e','{BCrypt}$2a$12$Whpfe4ZWpNiVADe4D45Vge62KEzpq6gvqHCRU3PP6hQ3iKWPLT3cO','2025-03-24 13:05:05.250000',FALSE,NULL,TRUE,0,FALSE,TRUE,'2025-03-24 13:05:05.001000','2025-03-24 13:05:05.001000','System.User',NULL,281474980154045)
COMMIT
DELETE FROM "mendixsystem$entityidentifier" WHERE "id"='37f9fd49-5318-4c63-9a51-f761779b202f'
INSERT INTO "mendixsystem$entityidentifier" VALUES('37f9fd49-5318-4c63-9a51-f761779b202f',25,27101)
COMMIT
INSERT INTO "system$session" VALUES(7036874421222552,'4c59093c-f83f-4778-93cd-93239ce01dcc','8c3de4cd-1ba2-4cb5-a793-b3f28441c2e1','2025-03-24 13:05:05.289000',FALSE,'19f47192-83af-4eb9-a84f-bd83b47c6136',NULL,'2025-03-24 13:05:05.288000')
INSERT INTO "system$session_user" VALUES(7036874421222552,281474980154045)
COMMIT
DELETE FROM "system$session" WHERE "id"=7036874421222552
INSERT INTO "system$session" VALUES(7036874421222552,'4c59093c-f83f-4778-93cd-93239ce01dcc','8c3de4cd-1ba2-4cb5-a793-b3f28441c2e1','2025-03-24 13:05:05.293000',FALSE,'19f47192-83af-4eb9-a84f-bd83b47c6136',NULL,'2025-03-24 13:05:05.288000')
COMMIT
DELETE FROM "system$queuedtask" WHERE "id"=4785074616729402
DELETE FROM "system$queuedtask" WHERE "id"=4785074616741475
INSERT INTO "system$queuedtask" VALUES(4785074616729402,72515,'Running','59651013-f9bc-4fc1-b435-276439b07899','System.ScheduledEventsQueue','ScheduledEvent',NULL,NULL,'ClusterManagement-UnblockUsers','[]','49e391f2-c15f-4842-bf7f-670a90a23943',55,'2025-03-24 13:03:50.958000','2025-03-24 13:05:08.229000','2025-03-24 13:05:08.887000',0,NULL,'ClusterManagement-UnblockUsers',NULL)
INSERT INTO "system$queuedtask" VALUES(4785074616741475,72516,'Running','59651013-f9bc-4fc1-b435-276439b07899','System.ScheduledEventsQueue','System',NULL,NULL,'ClusterManagement-PopulateFileDocumentSizes','[]','49e391f2-c15f-4842-bf7f-670a90a23943',55,'2025-03-24 13:05:03.202000','2025-03-24 13:05:08.178000','2025-03-24 13:05:08.888000',0,'{"interval":3600000,"triesLeft":12,"type":"fixed"}',NULL,NULL)
COMMIT
ALTER SEQUENCE PUBLIC."system$queuedtask_sequence_mxseq" RESTART WITH 72523
INSERT INTO "system$processedqueuetask" VALUES(12666373964647036,72516,'Completed','59651013-f9bc-4fc1-b435-276439b07899','System.ScheduledEventsQueue','System',NULL,NULL,'ClusterManagement-PopulateFileDocumentSizes','[]','49e391f2-c15f-4842-bf7f-670a90a23943',55,'2025-03-24 13:05:03.202000','2025-03-24 13:05:08.178000','2025-03-24 13:05:08.888000','2025-03-24 13:05:08.903000',15,0,NULL,NULL,NULL)
DELETE FROM "system$queuedtask" WHERE "id"=4785074616741475
COMMIT
/*C6*/INSERT INTO "system$queuedtask" VALUES(4785074616742169,72522,'Idle','59651013-f9bc-4fc1-b435-276439b07899','System.ScheduledEventsQueue','ScheduledEvent',NULL,NULL,'ClusterManagement-UnblockUsers','[]',NULL,NULL,'2025-03-24 13:05:08.902000','2025-03-24 13:10:08.229000',NULL,0,NULL,'ClusterManagement-UnblockUsers',NULL)
INSERT INTO "system$processedqueuetask" VALUES(12666373964647065,72515,'Completed','59651013-f9bc-4fc1-b435-276439b07899','System.ScheduledEventsQueue','ScheduledEvent',NULL,NULL,'ClusterManagement-UnblockUsers','[]','49e391f2-c15f-4842-bf7f-670a90a23943',55,'2025-03-24 13:03:50.958000','2025-03-24 13:05:08.229000','2025-03-24 13:05:08.887000','2025-03-24 13:05:08.906000',19,0,NULL,'ClusterManagement-UnblockUsers',NULL)
DELETE FROM "system$queuedtask" WHERE "id"=4785074616729402
COMMIT
